<?xml version="1.0" encoding="UTF-8"?>
<testsuite name="janala.interpreters.DoubleValueTest" tests="9" skipped="0" failures="0" errors="0" timestamp="2018-04-09T05:23:27" hostname="Chenglongs-MacBook-Pro.local" time="0.017">
  <properties/>
  <testcase name="testDCMPG" classname="janala.interpreters.DoubleValueTest" time="0.005"/>
  <testcase name="testDCMPL" classname="janala.interpreters.DoubleValueTest" time="0.001"/>
  <testcase name="testEqual" classname="janala.interpreters.DoubleValueTest" time="0.001"/>
  <testcase name="testDADD" classname="janala.interpreters.DoubleValueTest" time="0.001"/>
  <testcase name="testDDIV" classname="janala.interpreters.DoubleValueTest" time="0.001"/>
  <testcase name="testDMUL" classname="janala.interpreters.DoubleValueTest" time="0.001"/>
  <testcase name="testDNEG" classname="janala.interpreters.DoubleValueTest" time="0.002"/>
  <testcase name="testDREM" classname="janala.interpreters.DoubleValueTest" time="0.002"/>
  <testcase name="testDSUB" classname="janala.interpreters.DoubleValueTest" time="0.002"/>
  <system-out><![CDATA[]]></system-out>
  <system-err><![CDATA[]]></system-err>
</testsuite>
