<?xml version="1.0" encoding="UTF-8"?>
<testsuite name="janala.logger.ClassNamesTest" tests="1" skipped="0" failures="0" errors="0" timestamp="2018-04-09T05:23:28" hostname="Chenglongs-MacBook-Pro.local" time="0.001">
  <properties/>
  <testcase name="testGet" classname="janala.logger.ClassNamesTest" time="0.001"/>
  <system-out><![CDATA[]]></system-out>
  <system-err><![CDATA[]]></system-err>
</testsuite>
