<?xml version="1.0" encoding="UTF-8"?>
<testsuite name="janala.interpreters.FloatValueTest" tests="9" skipped="0" failures="0" errors="0" timestamp="2018-04-09T05:23:27" hostname="Chenglongs-MacBook-Pro.local" time="0.023">
  <properties/>
  <testcase name="testFCMPG" classname="janala.interpreters.FloatValueTest" time="0.005"/>
  <testcase name="testFCMPL" classname="janala.interpreters.FloatValueTest" time="0.001"/>
  <testcase name="testEqual" classname="janala.interpreters.FloatValueTest" time="0.004"/>
  <testcase name="testFADD" classname="janala.interpreters.FloatValueTest" time="0.004"/>
  <testcase name="testFDIV" classname="janala.interpreters.FloatValueTest" time="0.001"/>
  <testcase name="testFMUL" classname="janala.interpreters.FloatValueTest" time="0.001"/>
  <testcase name="testFNEG" classname="janala.interpreters.FloatValueTest" time="0.002"/>
  <testcase name="testFREM" classname="janala.interpreters.FloatValueTest" time="0.001"/>
  <testcase name="testFSUB" classname="janala.interpreters.FloatValueTest" time="0.001"/>
  <system-out><![CDATA[]]></system-out>
  <system-err><![CDATA[]]></system-err>
</testsuite>
