<?xml version="1.0" encoding="UTF-8"?>
<testsuite name="janala.interpreters.SymbolicStringPredicateTest" tests="8" skipped="0" failures="0" errors="0" timestamp="2018-04-09T05:23:27" hostname="Chenglongs-MacBook-Pro.local" time="0.008">
  <properties/>
  <testcase name="testConstraintStr_length" classname="janala.interpreters.SymbolicStringPredicateTest" time="0.005"/>
  <testcase name="testStringfy" classname="janala.interpreters.SymbolicStringPredicateTest" time="0.0"/>
  <testcase name="testNot" classname="janala.interpreters.SymbolicStringPredicateTest" time="0.0"/>
  <testcase name="testConstraintInt" classname="janala.interpreters.SymbolicStringPredicateTest" time="0.0"/>
  <testcase name="testConstraintStr" classname="janala.interpreters.SymbolicStringPredicateTest" time="0.0"/>
  <testcase name="testConstraintStrNE_length" classname="janala.interpreters.SymbolicStringPredicateTest" time="0.0"/>
  <testcase name="testConstraintNEInt" classname="janala.interpreters.SymbolicStringPredicateTest" time="0.0"/>
  <testcase name="testConstraintStrNE" classname="janala.interpreters.SymbolicStringPredicateTest" time="0.001"/>
  <system-out><![CDATA[]]></system-out>
  <system-err><![CDATA[]]></system-err>
</testsuite>
