<?xml version="1.0" encoding="UTF-8"?>
<testsuite name="janala.interpreters.StringValueTest" tests="20" skipped="0" failures="0" errors="0" timestamp="2018-04-09T05:23:28" hostname="Chenglongs-MacBook-Pro.local" time="0.017">
  <properties/>
  <testcase name="testStringStartsWith" classname="janala.interpreters.StringValueTest" time="0.0"/>
  <testcase name="testStringStartsWith_Symbol2" classname="janala.interpreters.StringValueTest" time="0.001"/>
  <testcase name="testStringEndsWith_Symbol" classname="janala.interpreters.StringValueTest" time="0.0"/>
  <testcase name="testStringMatches_Symbol" classname="janala.interpreters.StringValueTest" time="0.0"/>
  <testcase name="testStringConcat_Symbol" classname="janala.interpreters.StringValueTest" time="0.0"/>
  <testcase name="testStringMatches" classname="janala.interpreters.StringValueTest" time="0.0"/>
  <testcase name="testStringEquals_Symbol" classname="janala.interpreters.StringValueTest" time="0.0"/>
  <testcase name="testStringReplace" classname="janala.interpreters.StringValueTest" time="0.0"/>
  <testcase name="testStringEndsWith" classname="janala.interpreters.StringValueTest" time="0.0"/>
  <testcase name="testStringEquals_Symbol2" classname="janala.interpreters.StringValueTest" time="0.0"/>
  <testcase name="testStringEquals_Symbol3" classname="janala.interpreters.StringValueTest" time="0.0"/>
  <testcase name="testStringContains_Symbol" classname="janala.interpreters.StringValueTest" time="0.001"/>
  <testcase name="testStringConcat" classname="janala.interpreters.StringValueTest" time="0.0"/>
  <testcase name="testStringEquals" classname="janala.interpreters.StringValueTest" time="0.001"/>
  <testcase name="testStringLength" classname="janala.interpreters.StringValueTest" time="0.0"/>
  <testcase name="testStringContains" classname="janala.interpreters.StringValueTest" time="0.0"/>
  <testcase name="testStringStartsWith_Symbol" classname="janala.interpreters.StringValueTest" time="0.0"/>
  <testcase name="testStringConcat_Symbol2" classname="janala.interpreters.StringValueTest" time="0.0"/>
  <testcase name="testStringConcat_Symbol3" classname="janala.interpreters.StringValueTest" time="0.0"/>
  <testcase name="testConstructor" classname="janala.interpreters.StringValueTest" time="0.0"/>
  <system-out><![CDATA[]]></system-out>
  <system-err><![CDATA[]]></system-err>
</testsuite>
