<?xml version="1.0" encoding="UTF-8"?>
<testsuite name="janala.system.IntepreterTest" tests="5" skipped="0" failures="0" errors="0" timestamp="2018-04-09T05:23:29" hostname="Chenglongs-MacBook-Pro.local" time="0.004">
  <properties/>
  <testcase name="testBooleanAndFalse" classname="janala.system.IntepreterTest" time="0.001"/>
  <testcase name="testGreaterThanZero" classname="janala.system.IntepreterTest" time="0.001"/>
  <testcase name="testLessOrEqualZero" classname="janala.system.IntepreterTest" time="0.0"/>
  <testcase name="testBooleanAndTrue" classname="janala.system.IntepreterTest" time="0.001"/>
  <testcase name="testGreaterThanZeroSymbol" classname="janala.system.IntepreterTest" time="0.001"/>
  <system-out><![CDATA[]]></system-out>
  <system-err><![CDATA[WARNING: 
WARNING: 
WARNING: 
WARNING: 
WARNING: 
]]></system-err>
</testsuite>
