<?xml version="1.0" encoding="UTF-8"?>
<testsuite name="janala.MainTest" tests="1" skipped="0" failures="0" errors="0" timestamp="2018-04-09T05:23:30" hostname="Chenglongs-MacBook-Pro.local" time="0.0">
  <properties/>
  <testcase name="testReadInt" classname="janala.MainTest" time="0.0"/>
  <system-out><![CDATA[]]></system-out>
  <system-err><![CDATA[]]></system-err>
</testsuite>
