<?xml version="1.0" encoding="UTF-8"?>
<testsuite name="janala.solvers.ElementTest" tests="2" skipped="0" failures="0" errors="0" timestamp="2018-04-09T05:23:29" hostname="Chenglongs-MacBook-Pro.local" time="0.017">
  <properties/>
  <testcase name="testMethodElement" classname="janala.solvers.ElementTest" time="0.011"/>
  <testcase name="testBranchElement" classname="janala.solvers.ElementTest" time="0.006"/>
  <system-out><![CDATA[]]></system-out>
  <system-err><![CDATA[]]></system-err>
</testsuite>
