<?xml version="1.0" encoding="UTF-8"?>
<testsuite name="janala.logger.FieldInfoTest" tests="1" skipped="0" failures="0" errors="0" timestamp="2018-04-09T05:23:28" hostname="Chenglongs-MacBook-Pro.local" time="0.003">
  <properties/>
  <testcase name="testField" classname="janala.logger.FieldInfoTest" time="0.003"/>
  <system-out><![CDATA[]]></system-out>
  <system-err><![CDATA[]]></system-err>
</testsuite>
