<?xml version="1.0" encoding="UTF-8"?>
<testsuite name="janala.interpreters.FrameTest" tests="4" skipped="0" failures="0" errors="0" timestamp="2018-04-09T05:23:27" hostname="Chenglongs-MacBook-Pro.local" time="0.015">
  <properties/>
  <testcase name="testInit" classname="janala.interpreters.FrameTest" time="0.005"/>
  <testcase name="testPeek" classname="janala.interpreters.FrameTest" time="0.004"/>
  <testcase name="testPushAndPop" classname="janala.interpreters.FrameTest" time="0.0"/>
  <testcase name="testLocals" classname="janala.interpreters.FrameTest" time="0.0"/>
  <system-out><![CDATA[]]></system-out>
  <system-err><![CDATA[]]></system-err>
</testsuite>
