<?xml version="1.0" encoding="UTF-8"?>
<testsuite name="janala.solvers.HistoryTest" tests="12" skipped="0" failures="0" errors="0" timestamp="2018-04-09T05:23:29" hostname="Chenglongs-MacBook-Pro.local" time="0.021">
  <properties/>
  <testcase name="testSetLastBranchDone" classname="janala.solvers.HistoryTest" time="0.001"/>
  <testcase name="testSerialization" classname="janala.solvers.HistoryTest" time="0.004"/>
  <testcase name="testInit" classname="janala.solvers.HistoryTest" time="0.001"/>
  <testcase name="testInitRepeat" classname="janala.solvers.HistoryTest" time="0.0"/>
  <testcase name="testCleanup" classname="janala.solvers.HistoryTest" time="0.001"/>
  <testcase name="testSolveAtWithHead" classname="janala.solvers.HistoryTest" time="0.001"/>
  <testcase name="testSetBranch" classname="janala.solvers.HistoryTest" time="0.0"/>
  <testcase name="testSetLastForceTruth" classname="janala.solvers.HistoryTest" time="0.002"/>
  <testcase name="testSetBranchWithConstraint" classname="janala.solvers.HistoryTest" time="0.004"/>
  <testcase name="testBackup" classname="janala.solvers.HistoryTest" time="0.004"/>
  <testcase name="testRemoveLastBranch" classname="janala.solvers.HistoryTest" time="0.0"/>
  <testcase name="testSolveAt" classname="janala.solvers.HistoryTest" time="0.001"/>
  <system-out><![CDATA[[x1 at iid 0 and index 0, x1 at iid 0 and index 0, x1 at iid 0 and index 0]
[x1 at iid 0 and index 0, x1 at iid 0 and index 0, x1 at iid 0 and index 0, x1 at iid 0 and index 0]
]]></system-out>
  <system-err><![CDATA[WARNING: !!!!!!!!!!!!!!!!! Prediction failed (checkAndSetBranch) !!!!!!!!!!!!!!!!! index 0 history.size() 1
WARNING: At old iid 0 at iid 0 constraint x1 at iid 0 and index 0
]]></system-err>
</testsuite>
