<?xml version="1.0" encoding="UTF-8"?>
<testsuite name="janala.instrument.InstrumentGlobalStateTest" tests="1" skipped="0" failures="0" errors="0" timestamp="2018-04-09T05:23:29" hostname="Chenglongs-MacBook-Pro.local" time="0.001">
  <properties/>
  <testcase name="testIds" classname="janala.instrument.InstrumentGlobalStateTest" time="0.001"/>
  <system-out><![CDATA[]]></system-out>
  <system-err><![CDATA[]]></system-err>
</testsuite>
