<?xml version="1.0" encoding="UTF-8"?>
<testsuite name="janala.interpreters.ObjectValueTest" tests="4" skipped="0" failures="0" errors="0" timestamp="2018-04-09T05:23:27" hostname="Chenglongs-MacBook-Pro.local" time="0.001">
  <properties/>
  <testcase name="testField" classname="janala.interpreters.ObjectValueTest" time="0.0"/>
  <testcase name="testConstruction" classname="janala.interpreters.ObjectValueTest" time="0.001"/>
  <testcase name="testIF_NULL" classname="janala.interpreters.ObjectValueTest" time="0.0"/>
  <testcase name="testIF_ACMPEQ" classname="janala.interpreters.ObjectValueTest" time="0.0"/>
  <system-out><![CDATA[]]></system-out>
  <system-err><![CDATA[]]></system-err>
</testsuite>
