<?xml version="1.0" encoding="UTF-8"?>
<testsuite name="janala.utils.RunnerTest" tests="1" skipped="0" failures="0" errors="0" timestamp="2018-04-09T05:23:29" hostname="Chenglongs-MacBook-Pro.local" time="0.007">
  <properties/>
  <testcase name="runTest" classname="janala.utils.RunnerTest" time="0.007"/>
  <system-out><![CDATA[Pass
]]></system-out>
  <system-err><![CDATA[WARNING: 
]]></system-err>
</testsuite>
