<?xml version="1.0" encoding="UTF-8"?>
<testsuite name="janala.interpreters.StaticInvocationTest" tests="7" skipped="0" failures="0" errors="0" timestamp="2018-04-09T05:23:28" hostname="Chenglongs-MacBook-Pro.local" time="0.369">
  <properties/>
  <testcase name="testLongValueOf" classname="janala.interpreters.StaticInvocationTest" time="0.296"/>
  <testcase name="testIntegerValueOf" classname="janala.interpreters.StaticInvocationTest" time="0.001"/>
  <testcase name="testEndScope" classname="janala.interpreters.StaticInvocationTest" time="0.04"/>
  <testcase name="testForceTruth" classname="janala.interpreters.StaticInvocationTest" time="0.002"/>
  <testcase name="testMakeSymbolic" classname="janala.interpreters.StaticInvocationTest" time="0.024"/>
  <testcase name="testBeginScope" classname="janala.interpreters.StaticInvocationTest" time="0.001"/>
  <testcase name="testAssume" classname="janala.interpreters.StaticInvocationTest" time="0.001"/>
  <system-out><![CDATA[]]></system-out>
  <system-err><![CDATA[]]></system-err>
</testsuite>
